<?xml version="1.0" encoding="UTF-8"?>
<testsuite name="social.UserTestSuite" tests="2" skipped="0" failures="0" errors="0" timestamp="2020-09-09T08:36:51" hostname="DESKTOP-VUOAR0M" time="0.005">
  <properties/>
  <testcase name="testDefaultSharingStrategies" classname="social.UserTestSuite" time="0.004"/>
  <testcase name="testIndividualSharingStrategy" classname="social.UserTestSuite" time="0.0"/>
  <system-out><![CDATA[User 1 use: Facebook
User 2 use: Snapchat
User 3 use: Twitter
User 1 use: Facebook
User 1 use: Snapchat
]]></system-out>
  <system-err><![CDATA[]]></system-err>
</testsuite>
