<?xml version="1.0" encoding="UTF-8"?>
<testsuite name="library.LibraryTestSuite" tests="1" skipped="0" failures="0" errors="0" timestamp="2020-12-18T18:06:53" hostname="DESKTOP-VUOAR0M" time="0.037">
  <properties/>
  <testcase name="testGetBooks" classname="library.LibraryTestSuite" time="0.037"/>
  <system-out><![CDATA[Library 1[Book{title='Title 10', author='Author10', publicationDate=2020-01-01}, Book{title='Title 6', author='Author6', publicationDate=2020-01-01}, Book{title='Title 5', author='Author5', publicationDate=2020-01-01}, Book{title='Title 2', author='Author2', publicationDate=2020-01-01}, Book{title='Title 7', author='Author7', publicationDate=2020-01-01}, Book{title='Title 3', author='Author3', publicationDate=2020-01-01}, Book{title='Title 11', author='Author 11', publicationDate=2020-12-18}, Book{title='Title 4', author='Author4', publicationDate=2020-01-01}, Book{title='Title 9', author='Author9', publicationDate=2020-01-01}, Book{title='Title 1', author='Author1', publicationDate=2020-01-01}, Book{title='Title 8', author='Author8', publicationDate=2020-01-01}]
Library 2[Book{title='Title 10', author='Author10', publicationDate=2020-01-01}, Book{title='Title 6', author='Author6', publicationDate=2020-01-01}, Book{title='Title 5', author='Author5', publicationDate=2020-01-01}, Book{title='Title 2', author='Author2', publicationDate=2020-01-01}, Book{title='Title 7', author='Author7', publicationDate=2020-01-01}, Book{title='Title 3', author='Author3', publicationDate=2020-01-01}, Book{title='Title 11', author='Author 11', publicationDate=2020-12-18}, Book{title='Title 4', author='Author4', publicationDate=2020-01-01}, Book{title='Title 9', author='Author9', publicationDate=2020-01-01}, Book{title='Title 1', author='Author1', publicationDate=2020-01-01}, Book{title='Title 8', author='Author8', publicationDate=2020-01-01}]
Library 2[Book{title='Title 10', author='Author10', publicationDate=2020-01-01}, Book{title='Title 6', author='Author6', publicationDate=2020-01-01}, Book{title='Title 5', author='Author5', publicationDate=2020-01-01}, Book{title='Title 2', author='Author2', publicationDate=2020-01-01}, Book{title='Title 7', author='Author7', publicationDate=2020-01-01}, Book{title='Title 3', author='Author3', publicationDate=2020-01-01}, Book{title='Title 4', author='Author4', publicationDate=2020-01-01}, Book{title='Title 9', author='Author9', publicationDate=2020-01-01}, Book{title='Title 1', author='Author1', publicationDate=2020-01-01}, Book{title='Title 8', author='Author8', publicationDate=2020-01-01}]
]]></system-out>
  <system-err><![CDATA[]]></system-err>
</testsuite>
