<?xml version="1.0" encoding="UTF-8"?>
<testsuite name="singleton.LoggerTestSuite" tests="2" skipped="0" failures="0" errors="0" timestamp="2020-12-19T20:24:36" hostname="DESKTOP-VUOAR0M" time="0.001">
  <properties/>
  <testcase name="testLog" classname="singleton.LoggerTestSuite" time="0.001"/>
  <testcase name="testGetLastLog" classname="singleton.LoggerTestSuite" time="0.0"/>
  <system-out><![CDATA[Log: [New log]
The last log is: New log
]]></system-out>
  <system-err><![CDATA[]]></system-err>
</testsuite>
