<?xml version="1.0" encoding="UTF-8"?>
<testsuite name="factory.tasks.TaskFactoryTestSuite" tests="3" skipped="0" failures="0" errors="0" timestamp="2020-12-18T12:04:40" hostname="DESKTOP-VUOAR0M" time="0.006">
  <properties/>
  <testcase name="testFactoryPainting" classname="factory.tasks.TaskFactoryTestSuite" time="0.003"/>
  <testcase name="testFactoryDriving" classname="factory.tasks.TaskFactoryTestSuite" time="0.002"/>
  <testcase name="testFactoryShopping" classname="factory.tasks.TaskFactoryTestSuite" time="0.001"/>
  <system-out><![CDATA[Task is not executed
The task was done
Task is executed
Task name is: Task 2
Task is not executed
The task was done
Task is executed
Task name is: Task 3
Task is not executed
The task was done
Task is executed
Task name is: Task 1
]]></system-out>
  <system-err><![CDATA[]]></system-err>
</testsuite>
