<?xml version="1.0" encoding="UTF-8"?>
<testsuite name="factory.builder.pizza.PizzaTestSuite" tests="1" skipped="0" failures="0" errors="0" timestamp="2020-12-18T12:04:40" hostname="DESKTOP-VUOAR0M" time="0.002">
  <properties/>
  <testcase name="testPizzaNew" classname="factory.builder.pizza.PizzaTestSuite" time="0.002"/>
  <system-out><![CDATA[Pizza{bottom='Thin', sauce='Spicy', ingredients=[Onion, Ham, Mushrooms]}
]]></system-out>
  <system-err><![CDATA[]]></system-err>
</testsuite>
