<?xml version="1.0" encoding="UTF-8"?>
<testsuite name="strategy.CustomerTestSuite" tests="2" skipped="0" failures="0" errors="0" timestamp="2020-12-18T18:06:53" hostname="DESKTOP-VUOAR0M" time="0.003">
  <properties/>
  <testcase name="testIndividualInvestingStrategy" classname="strategy.CustomerTestSuite" time="0.002"/>
  <testcase name="testDefaultInvestingStrategies" classname="strategy.CustomerTestSuite" time="0.001"/>
  <system-out><![CDATA[Steven should: [Conservative predictor] Buy debentures of XYZ
Steven now should: [Aggressive predictor] Buy stock of XYZ
Steven should: [Conservative predictor] Buy debentures of XYZ
John should: [Aggressive predictor] Buy stock of XYZ
Kodilla should: [Balanced predictor] Buy shared units of Fund XYZ
]]></system-out>
  <system-err><![CDATA[]]></system-err>
</testsuite>
